{
  "RSpec": {
    "coverage": {
      "/home/gert/gamerist/www/app/controllers/rooms_controller.rb": [
        1,
        1,
        1,
        null,
        null,
        1,
        1,
        null,
        null,
        null,
        null,
        1,
        null,
        null,
        null,
        1,
        0,
        null,
        null,
        null,
        1,
        null,
        null,
        null,
        null,
        1,
        0,
        null,
        0,
        0,
        0,
        0,
        null,
        0,
        0,
        null,
        null,
        null,
        null,
        null,
        null,
        1,
        0,
        0,
        0,
        0,
        null,
        0,
        0,
        null,
        null,
        null,
        null,
        null,
        null,
        1,
        0,
        0,
        0,
        0,
        null,
        null,
        null,
        1,
        null,
        1,
        0,
        null,
        null,
        null,
        1,
        0
      ],
      "/home/gert/gamerist/www/app/helpers/servers_helper.rb": [
        1
      ],
      "/home/gert/gamerist/www/app/controllers/welcome_controller.rb": [
        1,
        1,
        3,
        3,
        3,
        3,
        3
      ],
      "/home/gert/gamerist/www/app/views/elements/_header.html.erb": [
        16,
        null,
        null,
        null,
        null,
        null,
        4,
        null,
        4
      ],
      "/home/gert/gamerist/www/app/models/paypal.rb": [
        null,
        null,
        1,
        1,
        1,
        null,
        1,
        null,
        null,
        1,
        null,
        1,
        1,
        null,
        null,
        1,
        2,
        null,
        null,
        null,
        1,
        6,
        3,
        3,
        6,
        3,
        3,
        3,
        3,
        3,
        null,
        3,
        null,
        null,
        null,
        null,
        null,
        null,
        null,
        null,
        null,
        null,
        null,
        null,
        null,
        null,
        null,
        null,
        null,
        3,
        3,
        1,
        null,
        2,
        null,
        null,
        null,
        null,
        null,
        null,
        null,
        2,
        2,
        null,
        null,
        1,
        1,
        null,
        2,
        1,
        1,
        0,
        0,
        null,
        1,
        1,
        null,
        0
      ],
      "/home/gert/gamerist/www/app/models/user.rb": [
        1,
        null,
        null,
        1,
        null,
        null,
        1,
        1,
        1,
        1,
        1,
        null,
        1,
        0,
        null,
        null,
        1,
        1,
        1,
        null,
        null,
        null,
        1,
        2,
        4,
        4,
        null,
        null,
        1,
        13,
        null,
        null,
        1,
        8,
        null,
        null,
        1,
        6,
        null,
        null,
        null,
        1,
        0,
        0,
        0,
        0,
        0
      ],
      "/home/gert/gamerist/www/app/models/game.rb": [
        null,
        1,
        1,
        1,
        null,
        1,
        0
      ],
      "/home/gert/gamerist/www/app/views/rooms/index.html.erb": [
        4,
        null,
        null,
        null,
        3,
        null,
        null,
        null,
        1,
        null,
        1
      ],
      "/home/gert/gamerist/www/app/helpers/rulesets_helper.rb": [
        1
      ],
      "/home/gert/gamerist/www/app/models/transaction.rb": [
        1,
        null,
        1,
        1,
        1,
        null,
        1,
        1,
        null,
        1,
        1,
        1,
        1,
        null,
        1,
        null,
        1,
        30,
        null,
        null,
        null,
        1,
        15,
        3,
        6,
        null,
        2,
        2,
        null,
        null,
        null,
        1,
        15,
        15,
        29,
        1,
        1,
        14,
        2,
        12,
        3,
        3,
        9,
        1,
        1,
        14,
        3,
        5,
        5,
        5,
        null,
        null,
        null,
        1,
        null,
        null,
        null,
        15,
        null,
        24,
        0,
        null,
        null,
        null,
        12,
        12,
        null,
        null,
        null,
        1,
        1,
        1,
        1,
        1,
        1,
        1
      ],
      "/home/gert/gamerist/www/app/models/admin.rb": [
        1,
        null,
        null,
        1
      ],
      "/home/gert/gamerist/www/app/models/steamid.rb": [
        1,
        1
      ],
      "/home/gert/gamerist/www/app/helpers/rooms_helper.rb": [
        1
      ],
      "/home/gert/gamerist/www/app/models/map.rb": [
        1,
        1
      ],
      "/home/gert/gamerist/www/app/controllers/application_controller.rb": [
        1,
        null,
        null,
        1
      ],
      "/home/gert/gamerist/www/app/helpers/application_helper.rb": [
        1
      ],
      "/home/gert/gamerist/www/app/helpers/account_helper.rb": [
        1
      ],
      "/home/gert/gamerist/www/app/views/welcome/index.html.erb": [
        12,
        null,
        null,
        null,
        null,
        null,
        null,
        null,
        null,
        null,
        null,
        null,
        null,
        null,
        null,
        null,
        null,
        null,
        null,
        null,
        null,
        3,
        null,
        3
      ],
      "/home/gert/gamerist/www/app/views/elements/_headbar.html.erb": [
        16,
        null,
        null,
        null,
        null,
        8,
        1,
        3,
        3,
        null,
        null,
        3,
        9,
        null,
        null,
        4,
        null,
        null,
        null,
        null,
        null,
        8,
        1,
        3,
        null,
        null,
        4,
        null,
        null,
        null,
        4,
        null,
        4
      ],
      "/home/gert/gamerist/www/app/views/layouts/application.html.erb": [
        16,
        null,
        null,
        null,
        12,
        12,
        12,
        null,
        null,
        null,
        12,
        null,
        null,
        12,
        null,
        null,
        null,
        8,
        0,
        null,
        8,
        0,
        null,
        16,
        null,
        null,
        null,
        null,
        4,
        null,
        4
      ],
      "/home/gert/gamerist/www/app/helpers/maps_helper.rb": [
        1
      ],
      "/home/gert/gamerist/www/app/models/room.rb": [
        1,
        1,
        1,
        1,
        1,
        1,
        1,
        null,
        1,
        1,
        1,
        1,
        1
      ],
      "/home/gert/gamerist/www/app/helpers/games_helper.rb": [
        1
      ]
    },
    "timestamp": 1411837505
  }
}
