{
  "RSpec": {
    "coverage": {
      "/home/gert/gamerist/www/app/controllers/rooms_controller.rb": [
        1,
        1,
        1,
        null,
        null,
        1,
        0,
        null,
        null,
        null,
        null,
        1,
        null,
        null,
        null,
        1,
        1,
        null,
        null,
        null,
        1,
        null,
        null,
        null,
        null,
        1,
        1,
        null,
        1,
        1,
        2,
        1,
        null,
        0,
        0,
        null,
        null,
        null,
        null,
        null,
        null,
        1,
        0,
        0,
        0,
        0,
        null,
        0,
        0,
        null,
        null,
        null,
        null,
        null,
        null,
        1,
        0,
        0,
        0,
        0,
        null,
        null,
        null,
        1,
        null,
        1,
        1,
        null,
        null,
        null,
        1,
        1
      ],
      "/home/gert/gamerist/www/app/controllers/welcome_controller.rb": [
        1,
        1,
        5,
        5,
        5,
        5,
        5
      ],
      "/home/gert/gamerist/www/app/views/elements/_header.html.erb": [
        36,
        null,
        null,
        null,
        null,
        null,
        9,
        null,
        9
      ],
      "/home/gert/gamerist/www/app/models/paypal.rb": [
        null,
        null,
        null,
        null,
        null,
        null,
        null,
        null,
        null,
        null,
        null,
        null,
        null,
        null,
        null,
        null,
        null,
        null,
        1,
        1,
        1,
        null,
        1,
        null,
        null,
        1,
        null,
        1,
        1,
        null,
        null,
        1,
        2,
        null,
        null,
        null,
        1,
        6,
        3,
        3,
        6,
        3,
        3,
        3,
        3,
        3,
        null,
        3,
        null,
        null,
        null,
        null,
        null,
        null,
        null,
        null,
        null,
        null,
        null,
        null,
        null,
        null,
        null,
        null,
        null,
        3,
        3,
        1,
        null,
        2,
        null,
        null,
        null,
        null,
        null,
        null,
        null,
        2,
        2,
        null,
        null,
        1,
        1,
        null,
        2,
        1,
        1,
        0,
        0,
        null,
        1,
        1,
        null,
        0
      ],
      "/home/gert/gamerist/www/app/models/user.rb": [
        null,
        null,
        null,
        null,
        null,
        null,
        null,
        null,
        null,
        null,
        null,
        null,
        null,
        null,
        null,
        null,
        null,
        null,
        null,
        1,
        null,
        null,
        1,
        null,
        null,
        1,
        1,
        1,
        1,
        1,
        null,
        1,
        0,
        null,
        null,
        1,
        1,
        1,
        null,
        null,
        null,
        1,
        12,
        24,
        24,
        null,
        null,
        1,
        28,
        12,
        null,
        null,
        null,
        1,
        24,
        null,
        null,
        1,
        26,
        12,
        null,
        null,
        null,
        1,
        24,
        null,
        null,
        1,
        11,
        null,
        null,
        1,
        44,
        null,
        null,
        1,
        0,
        null,
        null,
        1,
        93,
        null,
        null,
        1,
        0,
        null,
        null,
        null,
        1,
        0,
        0,
        0,
        0,
        0
      ],
      "/home/gert/gamerist/www/app/views/devise/sessions/new.html.erb": [
        8,
        null,
        4,
        6,
        6,
        null,
        6,
        6,
        null,
        2,
        14,
        null,
        2,
        6,
        null,
        2,
        6,
        2,
        null,
        2
      ],
      "/home/gert/gamerist/www/app/models/transaction.rb": [
        null,
        null,
        null,
        null,
        null,
        null,
        null,
        null,
        null,
        null,
        null,
        null,
        null,
        null,
        null,
        null,
        null,
        1,
        null,
        1,
        1,
        1,
        null,
        1,
        1,
        null,
        1,
        1,
        1,
        1,
        null,
        1,
        null,
        1,
        30,
        null,
        null,
        null,
        1,
        15,
        3,
        6,
        null,
        2,
        2,
        null,
        null,
        null,
        1,
        15,
        15,
        29,
        1,
        1,
        14,
        2,
        12,
        3,
        3,
        9,
        1,
        1,
        14,
        3,
        5,
        5,
        5,
        null,
        null,
        null,
        1,
        null,
        null,
        null,
        15,
        null,
        24,
        0,
        null,
        null,
        null,
        12,
        12,
        null,
        null,
        null,
        1,
        1,
        1,
        1,
        1,
        1,
        1
      ],
      "/home/gert/gamerist/www/app/models/admin.rb": [
        null,
        null,
        null,
        null,
        null,
        null,
        null,
        null,
        null,
        null,
        null,
        null,
        null,
        null,
        null,
        null,
        null,
        null,
        null,
        1,
        null,
        null,
        1
      ],
      "/home/gert/gamerist/www/app/views/rooms/_form.html.erb": [
        5,
        1,
        0,
        0,
        null,
        null,
        0,
        0,
        null,
        0,
        null,
        null,
        1,
        null,
        2,
        3,
        null,
        null,
        1,
        null,
        null,
        null,
        null,
        3,
        null,
        null,
        null,
        null,
        null,
        null,
        2,
        3,
        null,
        3,
        3,
        null,
        3,
        3,
        null,
        3,
        3,
        null,
        null,
        1,
        null,
        null,
        6,
        null,
        null,
        null,
        null,
        3,
        null,
        null,
        1,
        null,
        1
      ],
      "/home/gert/gamerist/www/app/models/steamid.rb": [
        null,
        null,
        null,
        null,
        null,
        null,
        null,
        null,
        null,
        null,
        null,
        1,
        1
      ],
      "/home/gert/gamerist/www/app/helpers/rooms_helper.rb": [
        1
      ],
      "/home/gert/gamerist/www/app/controllers/application_controller.rb": [
        1,
        null,
        null,
        1
      ],
      "/home/gert/gamerist/www/app/helpers/application_helper.rb": [
        1,
        1,
        0,
        0,
        0
      ],
      "/home/gert/gamerist/www/app/helpers/account_helper.rb": [
        1
      ],
      "/home/gert/gamerist/www/app/views/devise/shared/_links.erb": [
        8,
        0,
        null,
        2,
        2,
        8,
        null,
        2,
        2,
        8,
        null,
        2,
        2,
        0,
        null,
        2,
        2,
        0,
        null,
        2,
        2,
        0,
        0,
        null,
        null,
        2,
        null,
        2
      ],
      "/home/gert/gamerist/www/app/views/welcome/index.html.erb": [
        20,
        null,
        null,
        null,
        null,
        null,
        null,
        null,
        null,
        null,
        null,
        null,
        null,
        null,
        null,
        null,
        null,
        null,
        null,
        null,
        null,
        null,
        null,
        5,
        null,
        5
      ],
      "/home/gert/gamerist/www/app/views/elements/_headbar.html.erb": [
        36,
        null,
        null,
        null,
        null,
        18,
        4,
        12,
        12,
        null,
        null,
        5,
        15,
        null,
        null,
        9,
        null,
        null,
        null,
        null,
        null,
        18,
        4,
        12,
        null,
        null,
        9,
        null,
        null,
        null,
        9,
        null,
        9
      ],
      "/home/gert/gamerist/www/app/views/rooms/new.html.erb": [
        4,
        null,
        null,
        null,
        3,
        null,
        3,
        null,
        1,
        null,
        1
      ],
      "/home/gert/gamerist/www/app/views/layouts/application.html.erb": [
        36,
        null,
        null,
        null,
        27,
        27,
        27,
        null,
        null,
        null,
        27,
        null,
        null,
        27,
        null,
        null,
        null,
        18,
        8,
        null,
        18,
        8,
        null,
        36,
        null,
        null,
        null,
        null,
        9,
        null,
        9
      ],
      "/home/gert/gamerist/www/Gemfile": [
        1,
        null,
        null,
        1,
        null,
        null,
        1,
        1,
        null,
        null,
        null,
        1,
        null,
        null,
        1,
        null,
        null,
        1,
        null,
        null,
        1,
        1,
        null,
        null,
        1,
        null,
        null,
        1,
        null,
        null,
        1,
        null,
        1,
        null,
        1,
        null,
        1,
        null,
        null,
        null,
        1,
        1,
        1,
        1,
        1,
        null,
        1,
        1,
        1,
        1,
        1,
        1,
        1,
        1,
        null,
        1,
        1,
        1,
        1,
        null,
        null,
        null,
        null,
        1,
        null,
        null,
        null,
        null,
        null,
        null,
        null,
        null,
        null,
        null,
        null,
        null,
        1,
        1,
        1,
        1,
        1,
        1,
        1,
        1,
        1,
        1
      ],
      "/home/gert/gamerist/www/app/views/rooms/show.html.erb": [
        4,
        null,
        null,
        3,
        null,
        null,
        null,
        null,
        1,
        null,
        1
      ],
      "/home/gert/gamerist/www/app/models/room.rb": [
        null,
        null,
        null,
        null,
        null,
        null,
        null,
        null,
        null,
        null,
        null,
        1,
        1,
        null,
        1,
        1,
        1,
        1,
        1,
        1,
        null,
        1,
        1,
        null,
        1,
        1,
        1,
        1,
        null,
        1,
        1,
        1,
        1,
        1,
        null,
        1,
        1,
        null,
        1,
        null,
        1,
        78,
        125,
        1,
        null,
        null,
        null,
        null,
        2,
        1,
        1,
        3,
        4,
        null,
        null,
        1,
        26,
        26,
        26,
        26,
        null,
        null,
        1,
        21,
        null,
        null,
        1,
        388,
        null,
        null,
        1,
        101,
        17,
        null,
        101,
        null,
        null,
        1,
        34,
        34,
        null,
        null,
        1,
        30,
        15,
        null,
        null,
        null,
        1,
        2,
        2,
        null,
        null,
        1,
        24,
        null,
        12,
        2,
        2,
        null,
        null,
        null,
        null,
        1,
        27,
        27,
        54,
        null,
        null,
        null,
        22,
        22,
        22,
        22,
        null,
        22,
        null,
        5,
        null,
        null,
        null,
        null,
        1,
        2,
        2,
        4,
        null,
        0,
        0,
        0,
        0,
        null,
        0,
        null,
        2,
        null,
        null,
        null,
        1,
        13,
        42,
        26,
        15,
        12,
        12,
        12,
        12,
        null,
        1
      ]
    },
    "timestamp": 1429010854
  }
}
